[Architectury Transformer DEBUG] 
[Architectury Transformer DEBUG] ============================
[Architectury Transformer DEBUG] Transforming from /Users/me/Documents/code/java/Stack Tags/common/build/devlibs/stack-tags-common-1.0-dev.jar to /Users/me/Documents/code/java/Stack Tags/common/build/libs/stack-tags-common-1.0-transformProductionForge.jar
[Architectury Transformer DEBUG] ============================
[Architectury Transformer DEBUG] 
[Architectury Transformer DEBUG] Transforming 7 transformer(s) from /Users/me/Documents/code/java/Stack Tags/common/build/devlibs/stack-tags-common-1.0-dev.jar to /Users/me/Documents/code/java/Stack Tags/common/build/libs/stack-tags-common-1.0-transformProductionForge.jar: 
[Architectury Transformer DEBUG]  - dev.architectury.transformer.transformers.TransformExpectPlatform@241517ea
[Architectury Transformer DEBUG]  - dev.architectury.transformer.transformers.RemapInjectables@235cd202
[Architectury Transformer DEBUG]  - AddRefmapName(enabled=() -> kotlin.Boolean)
[Architectury Transformer DEBUG]  - dev.architectury.transformer.transformers.TransformPlatformOnly@3cf1fe01
[Architectury Transformer DEBUG]  - dev.architectury.transformer.transformers.TransformForgeAnnotations@42d5c633
[Architectury Transformer DEBUG]  - dev.architectury.transformer.transformers.TransformForgeEnvironment@4dc0d6c
[Architectury Transformer DEBUG]  - dev.architectury.transformer.transformers.FixForgeMixin@f52221a
[Architectury Transformer DEBUG] Transforming from /Users/me/Documents/code/java/Stack Tags/common/build/devlibs/stack-tags-common-1.0-dev.jar to /Users/me/Documents/code/java/Stack Tags/common/build/libs/stack-tags-common-1.0-transformProductionForge.jar with 7 transformer(s) on dev.architectury.transformer.handler.SimpleTransformerHandler
[Architectury Transformer DEBUG] Remapping with 1 mapping provider(s):
[Architectury Transformer DEBUG]  - dev.architectury.transformer.transformers.TransformForgeEnvironment$$Lambda/0x00000008015030f8@4f635f9
[Architectury Transformer DEBUG] Provided 48 classpath jar(s):
[Architectury Transformer DEBUG]  - /Users/me/.gradle/caches/modules-2/files-2.1/dev.architectury/architectury-injectables/1.0.10/62db2a366d662606d1b23ad02ccc3212ed37ec3/architectury-injectables-1.0.10.jar
[Architectury Transformer DEBUG]  - /Users/me/.gradle/caches/modules-2/files-2.1/net.fabricmc/fabric-loader/0.18.4/dc4682125d5db647d6ce80a98b98945835adcd4b/fabric-loader-0.18.4.jar
[Architectury Transformer DEBUG]  - /Users/me/.gradle/caches/modules-2/files-2.1/org.jetbrains/annotations/26.0.2/c7ce3cdeda3d18909368dfe5977332dfad326c6d/annotations-26.0.2.jar
[Architectury Transformer DEBUG]  - /Users/me/.gradle/caches/modules-2/files-2.1/org.ow2.asm/asm/9.9/c29635c8a7afa03d74b33c1884df8abb2b3f3dcc/asm-9.9.jar
[Architectury Transformer DEBUG]  - /Users/me/.gradle/caches/modules-2/files-2.1/org.ow2.asm/asm-analysis/9.9/bf4fa6e66638851c1cd22c2caea0c3ee5d5f437/asm-analysis-9.9.jar
[Architectury Transformer DEBUG]  - /Users/me/.gradle/caches/modules-2/files-2.1/org.ow2.asm/asm-commons/9.9/db9165a3bf908ded6b08612d583a15d1d0c7bda0/asm-commons-9.9.jar
[Architectury Transformer DEBUG]  - /Users/me/.gradle/caches/modules-2/files-2.1/org.ow2.asm/asm-tree/9.9/f8de6eead6d24dd0f45bd065bbe112b2cda6ea21/asm-tree-9.9.jar
[Architectury Transformer DEBUG]  - /Users/me/.gradle/caches/modules-2/files-2.1/org.ow2.asm/asm-util/9.9/42fdfc0508b43807c8078d6e82ecff2ce2112ae8/asm-util-9.9.jar
[Architectury Transformer DEBUG]  - /Users/me/.gradle/caches/modules-2/files-2.1/net.fabricmc/sponge-mixin/0.17.0+mixin.0.8.7/cf31463202f72d03b0ef1e1e38e8ee71b7faaab6/sponge-mixin-0.17.0+mixin.0.8.7.jar
[Architectury Transformer DEBUG]  - /Users/me/.gradle/caches/modules-2/files-2.1/io.github.llamalad7/mixinextras-fabric/0.5.0/91a83dfb7abd320f6236bd1fcf5c0ff143d59a13/mixinextras-fabric-0.5.0.jar
[Architectury Transformer DEBUG]  - /Users/me/.gradle/caches/modules-2/files-2.1/com.mojang/logging/1.0.0/f6ca3b2eee0b80b384e8ed93d368faecb82dfb9b/logging-1.0.0.jar
[Architectury Transformer DEBUG]  - /Users/me/.gradle/caches/modules-2/files-2.1/com.mojang/blocklist/1.0.10/5c685c5ffa94c4cd39496c7184c1d122e515ecef/blocklist-1.0.10.jar
[Architectury Transformer DEBUG]  - /Users/me/.gradle/caches/modules-2/files-2.1/com.mojang/patchy/2.2.10/da05971b07cbb379d002cf7eaec6a2048211fefc/patchy-2.2.10.jar
[Architectury Transformer DEBUG]  - /Users/me/.gradle/caches/modules-2/files-2.1/com.github.oshi/oshi-core/5.8.5/1d0ec654d820741327f5a9229d513732a4b7ce50/oshi-core-5.8.5.jar
[Architectury Transformer DEBUG]  - /Users/me/.gradle/caches/modules-2/files-2.1/net.java.dev.jna/jna/5.10.0/7cf4c87dd802db50721db66947aa237d7ad09418/jna-5.10.0.jar
[Architectury Transformer DEBUG]  - /Users/me/.gradle/caches/modules-2/files-2.1/net.java.dev.jna/jna-platform/5.10.0/fbed7d9669dba47714ad0d4f4454290a997aee69/jna-platform-5.10.0.jar
[Architectury Transformer DEBUG]  - /Users/me/.gradle/caches/modules-2/files-2.1/org.slf4j/slf4j-api/1.8.0-beta4/83b0359d847ee053d745be7ec0d8e9e8a44304b4/slf4j-api-1.8.0-beta4.jar
[Architectury Transformer DEBUG]  - /Users/me/.gradle/caches/modules-2/files-2.1/org.apache.logging.log4j/log4j-slf4j18-impl/2.17.0/bd7f6c0b9224dd214afb4e684957e2349b529a8d/log4j-slf4j18-impl-2.17.0.jar
[Architectury Transformer DEBUG]  - /Users/me/.gradle/caches/modules-2/files-2.1/com.ibm.icu/icu4j/70.1/dfa3a1fbc55bf5db8c6e79fc0935ac7ab1202950/icu4j-70.1.jar
[Architectury Transformer DEBUG]  - /Users/me/.gradle/caches/modules-2/files-2.1/com.mojang/javabridge/1.2.24/c876796229b2ef5120f186eab5acc870699d3b9/javabridge-1.2.24.jar
[Architectury Transformer DEBUG]  - /Users/me/.gradle/caches/modules-2/files-2.1/net.sf.jopt-simple/jopt-simple/5.0.4/4fdac2fbe92dfad86aa6e9301736f6b4342a3f5c/jopt-simple-5.0.4.jar
[Architectury Transformer DEBUG]  - /Users/me/.gradle/caches/modules-2/files-2.1/io.netty/netty-all/4.1.68.Final/b8266a3c93c1c051109f71d3449e5dcd5d60b333/netty-all-4.1.68.Final.jar
[Architectury Transformer DEBUG]  - /Users/me/.gradle/caches/modules-2/files-2.1/com.google.guava/failureaccess/1.0.1/1dcf1de382a0bf95a3d8b0849546c88bac1292c9/failureaccess-1.0.1.jar
[Architectury Transformer DEBUG]  - /Users/me/.gradle/caches/modules-2/files-2.1/com.google.guava/guava/31.0.1-jre/119ea2b2bc205b138974d351777b20f02b92704b/guava-31.0.1-jre.jar
[Architectury Transformer DEBUG]  - /Users/me/.gradle/caches/modules-2/files-2.1/org.apache.commons/commons-lang3/3.12.0/c6842c86792ff03b9f1d1fe2aab8dc23aa6c6f0e/commons-lang3-3.12.0.jar
[Architectury Transformer DEBUG]  - /Users/me/.gradle/caches/modules-2/files-2.1/commons-io/commons-io/2.11.0/a2503f302b11ebde7ebc3df41daebe0e4eea3689/commons-io-2.11.0.jar
[Architectury Transformer DEBUG]  - /Users/me/.gradle/caches/modules-2/files-2.1/commons-codec/commons-codec/1.15/49d94806b6e3dc933dacbd8acb0fdbab8ebd1e5d/commons-codec-1.15.jar
[Architectury Transformer DEBUG]  - /Users/me/.gradle/caches/modules-2/files-2.1/com.mojang/brigadier/1.0.18/c1ef1234282716483c92183f49bef47b1a89bfa9/brigadier-1.0.18.jar
[Architectury Transformer DEBUG]  - /Users/me/.gradle/caches/modules-2/files-2.1/com.mojang/datafixerupper/4.1.27/a02c43824ce57c3f7a7d7e744f0d99a040398b5/datafixerupper-4.1.27.jar
[Architectury Transformer DEBUG]  - /Users/me/.gradle/caches/modules-2/files-2.1/com.google.code.gson/gson/2.8.9/8a432c1d6825781e21a02db2e2c33c5fde2833b9/gson-2.8.9.jar
[Architectury Transformer DEBUG]  - /Users/me/.gradle/caches/modules-2/files-2.1/com.mojang/authlib/3.3.39/289405e70c0917eaeac017f7fba9adb4427baa36/authlib-3.3.39.jar
[Architectury Transformer DEBUG]  - /Users/me/.gradle/caches/modules-2/files-2.1/org.apache.commons/commons-compress/1.21/4ec95b60d4e86b5c95a0e919cb172a0af98011ef/commons-compress-1.21.jar
[Architectury Transformer DEBUG]  - /Users/me/.gradle/caches/modules-2/files-2.1/org.apache.httpcomponents/httpclient/4.5.13/e5f6cae5ca7ecaac1ec2827a9e2d65ae2869cada/httpclient-4.5.13.jar
[Architectury Transformer DEBUG]  - /Users/me/.gradle/caches/modules-2/files-2.1/commons-logging/commons-logging/1.2/4bfc12adfe4842bf07b657f0369c4cb522955686/commons-logging-1.2.jar
[Architectury Transformer DEBUG]  - /Users/me/.gradle/caches/modules-2/files-2.1/org.apache.httpcomponents/httpcore/4.4.14/9dd1a631c082d92ecd4bd8fd4cf55026c720a8c1/httpcore-4.4.14.jar
[Architectury Transformer DEBUG]  - /Users/me/.gradle/caches/modules-2/files-2.1/it.unimi.dsi/fastutil/8.5.6/76f95700418a68fbc4ac050525261f05dc681ca1/fastutil-8.5.6.jar
[Architectury Transformer DEBUG]  - /Users/me/.gradle/caches/modules-2/files-2.1/org.apache.logging.log4j/log4j-api/2.17.0/bbd791e9c8c9421e45337c4fe0a10851c086e36c/log4j-api-2.17.0.jar
[Architectury Transformer DEBUG]  - /Users/me/.gradle/caches/modules-2/files-2.1/org.apache.logging.log4j/log4j-core/2.17.0/fe6e7a32c1228884b9691a744f953a55d0dd8ead/log4j-core-2.17.0.jar
[Architectury Transformer DEBUG]  - /Users/me/.gradle/caches/modules-2/files-2.1/org.lwjgl/lwjgl/3.2.1/2bb514e444994c6fece99a21f76e0c90438e377f/lwjgl-3.2.1.jar
[Architectury Transformer DEBUG]  - /Users/me/.gradle/caches/modules-2/files-2.1/org.lwjgl/lwjgl-jemalloc/3.2.1/7a0c583fcbec32b15784f846df536e1837d83666/lwjgl-jemalloc-3.2.1.jar
[Architectury Transformer DEBUG]  - /Users/me/.gradle/caches/modules-2/files-2.1/org.lwjgl/lwjgl-openal/3.2.1/dc7ff2dabb40a141ee9bf2e326d9b1b19f3278fb/lwjgl-openal-3.2.1.jar
[Architectury Transformer DEBUG]  - /Users/me/.gradle/caches/modules-2/files-2.1/org.lwjgl/lwjgl-opengl/3.2.1/57008c2374c5bc434b18adfef3f3653ee450ee18/lwjgl-opengl-3.2.1.jar
[Architectury Transformer DEBUG]  - /Users/me/.gradle/caches/modules-2/files-2.1/org.lwjgl/lwjgl-glfw/3.2.1/27abb7f64894b61cad163791acd8113f0b21296/lwjgl-glfw-3.2.1.jar
[Architectury Transformer DEBUG]  - /Users/me/.gradle/caches/modules-2/files-2.1/org.lwjgl/lwjgl-stb/3.2.1/31f5eb5fce3791d58ec898bc5c1867d76d781ba1/lwjgl-stb-3.2.1.jar
[Architectury Transformer DEBUG]  - /Users/me/.gradle/caches/modules-2/files-2.1/org.lwjgl/lwjgl-tinyfd/3.2.1/259f1dbddb921e27e01b32458d6f584eb8bba13a/lwjgl-tinyfd-3.2.1.jar
[Architectury Transformer DEBUG]  - /Users/me/.gradle/caches/modules-2/files-2.1/com.mojang/text2speech/1.12.4/1f618f522dbdd93218c270bcfd8f8dd84be31717/text2speech-1.12.4.jar
[Architectury Transformer DEBUG]  - /Users/me/.gradle/caches/modules-2/files-2.1/ca.weblite/java-objc-bridge/1.0.0/6ef160c3133a78de015830860197602ca1c855d3/java-objc-bridge-1.0.0.jar
[Architectury Transformer DEBUG]  - /Users/me/.gradle/caches/fabric-loom/minecraftMaven/net/minecraft/minecraft-merged/1.18.2-loom.mappings.1_18_2.layered+hash.40545-v2/minecraft-merged-1.18.2-loom.mappings.1_18_2.layered+hash.40545-v2.jar
[Architectury Transformer] Read classpath in 797.1 ms
[Architectury Transformer DEBUG] Remapping Classes:
[Architectury Transformer DEBUG] net/fabricmc/api/EnvType -> net/minecraftforge/api/distmarker/Dist
[Architectury Transformer DEBUG] net/fabricmc/api/Environment -> net/minecraftforge/api/distmarker/OnlyIn
[Architectury Transformer DEBUG] Found class transformer
[Architectury Transformer DEBUG] Writing net/linkedto/stack_tags/StackTags with maxs=true frames=true
[Architectury Transformer DEBUG] Writing net/linkedto/stack_tags/mixin/MixinItemStack with maxs=true frames=true
[Architectury Transformer DEBUG] Checking whether /stack_tags.mixins.json is a mixin config.
[Architectury Transformer DEBUG] Found mixin config(s): stack_tags.mixins.json
[Architectury Transformer DEBUG] Injecting MixinConfigs into /META-INF/MANIFEST.MF
[Architectury Transformer DEBUG] Closed File Systems for /Users/me/Documents/code/java/Stack Tags/common/build/libs/stack-tags-common-1.0-transformProductionForge.jar
[Architectury Transformer] Transformed jar with 7 transformer(s) in 1.152 s
[Architectury Transformer DEBUG] 
[Architectury Transformer DEBUG] ============================
[Architectury Transformer DEBUG] Transforming from /Users/me/Documents/code/java/Stack Tags/common/build/devlibs/stack-tags-common-1.0-dev.jar to /Users/me/Documents/code/java/Stack Tags/common/build/libs/stack-tags-common-1.0-transformProductionFabric.jar
[Architectury Transformer DEBUG] ============================
[Architectury Transformer DEBUG] 
[Architectury Transformer DEBUG] Transforming 5 transformer(s) from /Users/me/Documents/code/java/Stack Tags/common/build/devlibs/stack-tags-common-1.0-dev.jar to /Users/me/Documents/code/java/Stack Tags/common/build/libs/stack-tags-common-1.0-transformProductionFabric.jar: 
[Architectury Transformer DEBUG]  - dev.architectury.transformer.transformers.RemapMixinVariables@3ccfc479
[Architectury Transformer DEBUG]  - dev.architectury.transformer.transformers.TransformExpectPlatform@16d105c2
[Architectury Transformer DEBUG]  - dev.architectury.transformer.transformers.RemapInjectables@7f5421b9
[Architectury Transformer DEBUG]  - AddRefmapName(enabled=() -> kotlin.Boolean)
[Architectury Transformer DEBUG]  - dev.architectury.transformer.transformers.TransformPlatformOnly@16eb4a81
[Architectury Transformer DEBUG] Transforming from /Users/me/Documents/code/java/Stack Tags/common/build/devlibs/stack-tags-common-1.0-dev.jar to /Users/me/Documents/code/java/Stack Tags/common/build/libs/stack-tags-common-1.0-transformProductionFabric.jar with 5 transformer(s) on dev.architectury.transformer.handler.SimpleTransformerHandler
[Architectury Transformer DEBUG] Found class transformer
[Architectury Transformer DEBUG] Writing net/linkedto/stack_tags/StackTags with maxs=true frames=true
[Architectury Transformer DEBUG] Writing net/linkedto/stack_tags/mixin/MixinItemStack with maxs=true frames=true
[Architectury Transformer DEBUG] Closed File Systems for /Users/me/Documents/code/java/Stack Tags/common/build/libs/stack-tags-common-1.0-transformProductionFabric.jar
[Architectury Transformer] Transformed jar with 5 transformer(s) in 2.085 ms
