[20:24:20] [main/INFO] (FabricLoader/GameProvider) Loading Minecraft 1.20.1 with Fabric Loader 0.18.4
[20:24:20] [main/INFO] (FabricLoader) Loading 60 mods:
	- fabric-api 0.92.2+1.20.1
	- fabric-api-base 0.4.31+1802ada577
	- fabric-api-lookup-api-v1 1.6.36+1802ada577
	- fabric-biome-api-v1 13.0.13+1802ada577
	- fabric-block-api-v1 1.0.11+1802ada577
	- fabric-block-view-api-v2 1.0.1+1802ada577
	- fabric-blockrenderlayer-v1 1.1.41+1802ada577
	- fabric-client-tags-api-v1 1.1.2+1802ada577
	- fabric-command-api-v1 1.2.34+f71b366f77
	- fabric-command-api-v2 2.2.13+1802ada577
	- fabric-commands-v0 0.2.51+df3654b377
	- fabric-containers-v0 0.1.64+df3654b377
	- fabric-content-registries-v0 4.0.11+1802ada577
	- fabric-convention-tags-v1 1.5.5+1802ada577
	- fabric-crash-report-info-v1 0.2.19+1802ada577
	- fabric-data-attachment-api-v1 1.0.0+de0fd6d177
	- fabric-data-generation-api-v1 12.3.4+1802ada577
	- fabric-dimensions-v1 2.1.54+1802ada577
	- fabric-entity-events-v1 1.6.0+1c78457f77
	- fabric-events-interaction-v0 0.6.2+1802ada577
	- fabric-events-lifecycle-v0 0.2.63+df3654b377
	- fabric-game-rule-api-v1 1.0.40+1802ada577
	- fabric-gametest-api-v1 1.2.13+1802ada577
	- fabric-item-api-v1 2.1.28+1802ada577
	- fabric-item-group-api-v1 4.0.12+1802ada577
	- fabric-key-binding-api-v1 1.0.37+1802ada577
	- fabric-keybindings-v0 0.2.35+df3654b377
	- fabric-lifecycle-events-v1 2.2.22+1802ada577
	- fabric-loot-api-v2 1.2.1+1802ada577
	- fabric-loot-tables-v1 1.1.45+9e7660c677
	- fabric-message-api-v1 5.1.9+1802ada577
	- fabric-mining-level-api-v1 2.1.50+1802ada577
	- fabric-model-loading-api-v1 1.0.3+1802ada577
	- fabric-models-v0 0.4.2+9386d8a777
	- fabric-networking-api-v1 1.3.11+1802ada577
	- fabric-networking-v0 0.3.51+df3654b377
	- fabric-object-builder-api-v1 11.1.3+1802ada577
	- fabric-particles-v1 1.1.2+1802ada577
	- fabric-recipe-api-v1 1.0.21+1802ada577
	- fabric-registry-sync-v0 2.3.3+1802ada577
	- fabric-renderer-api-v1 3.2.1+1802ada577
	- fabric-renderer-indigo 1.5.2+85287f9f77
	- fabric-renderer-registries-v1 3.2.46+df3654b377
	- fabric-rendering-data-attachment-v1 0.3.37+92a0d36777
	- fabric-rendering-fluids-v1 3.0.28+1802ada577
	- fabric-rendering-v0 1.1.49+df3654b377
	- fabric-rendering-v1 3.0.8+1802ada577
	- fabric-resource-conditions-api-v1 2.3.8+1802ada577
	- fabric-resource-loader-v0 0.11.10+1802ada577
	- fabric-screen-api-v1 2.0.8+1802ada577
	- fabric-screen-handler-api-v1 1.3.30+1802ada577
	- fabric-sound-api-v1 1.0.13+1802ada577
	- fabric-transfer-api-v1 3.3.5+8dd72ea377
	- fabric-transitive-access-wideners-v1 4.3.1+1802ada577
	- fabricloader 0.18.4
	- generated_e3dbbdc 1.0.0
	- java 21
	- minecraft 1.20.1
	- mixinextras 0.5.0
	- stack_tags 1.0-SNAPSHOT
[20:24:20] [main/INFO] (FabricLoader/Mixin) SpongePowered MIXIN Subsystem Version=0.8.7 Source=file:/Users/me/.gradle/caches/modules-2/files-2.1/net.fabricmc/sponge-mixin/0.17.0+mixin.0.8.7/cf31463202f72d03b0ef1e1e38e8ee71b7faaab6/sponge-mixin-0.17.0+mixin.0.8.7.jar Service=Knot/Fabric Env=CLIENT
[20:24:20] [main/INFO] (FabricLoader/Mixin) Loaded Fabric development mappings for mixin remapper!
[20:24:20] [main/INFO] (FabricLoader/Mixin) Compatibility level set to JAVA_16
[20:24:20] [main/INFO] (FabricLoader/Mixin) Compatibility level set to JAVA_17
[20:24:21] [main/INFO] (FabricLoader/MixinExtras|Service) Initializing MixinExtras via com.llamalad7.mixinextras.service.MixinExtrasServiceImpl(version=0.5.0).
[20:24:21] [main/WARN] (SysctlUtil) Failed sysctl call: hw.cpufrequency, Error code: 2
[20:24:23] [Datafixer Bootstrap/INFO] (Minecraft) 188 Datafixer optimizations took 52 milliseconds
[20:24:23] [Render thread/INFO] (Minecraft) Environment: authHost='https://authserver.mojang.com', accountsHost='https://api.mojang.com', sessionHost='https://sessionserver.mojang.com', servicesHost='https://api.minecraftservices.com', name='PROD'
[20:24:24] [Render thread/ERROR] (Minecraft) Failed to verify authentication
com.mojang.authlib.exceptions.InvalidCredentialsException: Status: 401
	at com.mojang.authlib.exceptions.MinecraftClientHttpException.toAuthenticationException(MinecraftClientHttpException.java:56) ~[authlib-4.0.43.jar:?]
	at com.mojang.authlib.yggdrasil.YggdrasilUserApiService.fetchProperties(YggdrasilUserApiService.java:156) ~[authlib-4.0.43.jar:?]
	at com.mojang.authlib.yggdrasil.YggdrasilUserApiService.<init>(YggdrasilUserApiService.java:55) ~[authlib-4.0.43.jar:?]
	at com.mojang.authlib.yggdrasil.YggdrasilAuthenticationService.createUserApiService(YggdrasilAuthenticationService.java:124) ~[authlib-4.0.43.jar:?]
	at net.minecraft.client.Minecraft.createUserApiService(Minecraft.java:733) ~[minecraft-merged-e572a196b7-1.20.1-loom.mappings.1_20_1.layered+hash.40545-v2.jar:?]
	at net.minecraft.client.Minecraft.<init>(Minecraft.java:442) ~[minecraft-merged-e572a196b7-1.20.1-loom.mappings.1_20_1.layered+hash.40545-v2.jar:?]
	at net.minecraft.client.main.Main.main(Main.java:211) ~[minecraft-merged-e572a196b7-1.20.1-loom.mappings.1_20_1.layered+hash.40545-v2.jar:?]
	at net.fabricmc.loader.impl.game.minecraft.MinecraftGameProvider.launch(MinecraftGameProvider.java:514) ~[fabric-loader-0.18.4.jar:?]
	at net.fabricmc.loader.impl.launch.knot.Knot.launch(Knot.java:72) ~[fabric-loader-0.18.4.jar:?]
	at net.fabricmc.loader.impl.launch.knot.KnotClient.main(KnotClient.java:23) ~[fabric-loader-0.18.4.jar:?]
	at net.fabricmc.devlaunchinjector.Main.main(Main.java:86) ~[dev-launch-injector-0.2.1+build.8.jar:?]
	at dev.architectury.transformer.TransformerRuntime.main(TransformerRuntime.java:220) ~[architectury-transformer-5.2.87-runtime.jar:?]
Caused by: com.mojang.authlib.exceptions.MinecraftClientHttpException: Status: 401
	at com.mojang.authlib.minecraft.client.MinecraftClient.readInputStream(MinecraftClient.java:85) ~[authlib-4.0.43.jar:?]
	at com.mojang.authlib.minecraft.client.MinecraftClient.get(MinecraftClient.java:48) ~[authlib-4.0.43.jar:?]
	at com.mojang.authlib.yggdrasil.YggdrasilUserApiService.fetchProperties(YggdrasilUserApiService.java:129) ~[authlib-4.0.43.jar:?]
	... 10 more
[20:24:24] [Render thread/INFO] (Minecraft) Setting user: Player794
[20:24:24] [Render thread/INFO] (Indigo) [Indigo] Registering Indigo renderer!
[20:24:24] [Render thread/INFO] (Minecraft) Backend library: LWJGL version 3.3.2-snapshot
[20:24:24] [Render thread/INFO] (Minecraft) [STDERR]: [LWJGL] [ThreadLocalUtil] Unsupported JNI version detected, this may result in a crash. Please inform LWJGL developers.
[20:24:25] [Render thread/WARN] (SysctlUtil) Failed sysctl call: hw.cpufrequency, Error code: 2
[20:24:25] [Render thread/INFO] (Minecraft) Reloading ResourceManager: vanilla, fabric (fabric-crash-report-info-v1, fabric-blockrenderlayer-v1, fabric-gametest-api-v1, fabric-data-generation-api-v1, fabric-events-interaction-v0, fabric-transitive-access-wideners-v1, fabric-screen-api-v1, fabric-api-base, fabric-commands-v0, fabricloader, fabric-object-builder-api-v1, fabric-data-attachment-api-v1, fabric-rendering-v0, fabric-biome-api-v1, fabric-client-tags-api-v1, fabric-events-lifecycle-v0, fabric-command-api-v2, fabric-networking-api-v1, fabric-renderer-registries-v1, fabric-containers-v0, fabric-recipe-api-v1, fabric-resource-loader-v0, fabric-networking-v0, fabric-particles-v1, fabric-rendering-fluids-v1, fabric-sound-api-v1, fabric-rendering-data-attachment-v1, fabric-content-registries-v0, fabric-block-view-api-v2, fabric-transfer-api-v1, fabric-item-group-api-v1, fabric-key-binding-api-v1, fabric-block-api-v1, fabric-screen-handler-api-v1, fabric-renderer-indigo, fabric-keybindings-v0, fabric-message-api-v1, fabric-mining-level-api-v1, fabric-models-v0, fabric-rendering-v1, fabric-game-rule-api-v1, fabric-renderer-api-v1, fabric-lifecycle-events-v1, fabric-item-api-v1, fabric-resource-conditions-api-v1, fabric-convention-tags-v1, fabric-command-api-v1, fabric-dimensions-v1, fabric-api-lookup-api-v1, fabric-model-loading-api-v1, fabric-loot-api-v2, fabric-entity-events-v1, fabric-registry-sync-v0, fabric-api, fabric-loot-tables-v1)
[20:24:25] [Worker-Main-7/INFO] (Minecraft) Found unifont_all_no_pua-15.0.06.hex, loading
[20:24:25] [Realms Notification Availability checker #1/INFO] (Minecraft) Could not authorize you against Realms server: java.lang.RuntimeException: Failed to parse into SignedJWT: FabricMC
[20:24:26] [Render thread/WARN] (Minecraft) Missing sound for event: minecraft:item.goat_horn.play
[20:24:26] [Render thread/WARN] (Minecraft) Missing sound for event: minecraft:entity.goat.screaming.horn_break
[20:24:26] [Render thread/INFO] (Minecraft) OpenAL initialized on device BlackHole 2ch
[20:24:26] [Render thread/INFO] (Minecraft) Sound engine started
[20:24:26] [Render thread/INFO] (Minecraft) Created: 1024x512x4 minecraft:textures/atlas/blocks.png-atlas
[20:24:26] [Render thread/INFO] (Minecraft) Created: 256x256x4 minecraft:textures/atlas/signs.png-atlas
[20:24:26] [Render thread/INFO] (Minecraft) Created: 512x512x4 minecraft:textures/atlas/shield_patterns.png-atlas
[20:24:26] [Render thread/INFO] (Minecraft) Created: 512x512x4 minecraft:textures/atlas/banner_patterns.png-atlas
[20:24:26] [Render thread/INFO] (Minecraft) Created: 1024x1024x4 minecraft:textures/atlas/armor_trims.png-atlas
[20:24:26] [Render thread/INFO] (Minecraft) Created: 128x64x4 minecraft:textures/atlas/decorated_pot.png-atlas
[20:24:26] [Render thread/INFO] (Minecraft) Created: 256x256x4 minecraft:textures/atlas/chest.png-atlas
[20:24:26] [Render thread/INFO] (Minecraft) Created: 512x256x4 minecraft:textures/atlas/shulker_boxes.png-atlas
[20:24:26] [Render thread/INFO] (Minecraft) Created: 512x256x4 minecraft:textures/atlas/beds.png-atlas
[20:24:26] [Render thread/WARN] (Minecraft) Shader rendertype_entity_translucent_emissive could not find sampler named Sampler2 in the specified shader program.
[20:24:26] [Render thread/INFO] (Minecraft) Created: 256x256x0 minecraft:textures/atlas/particles.png-atlas
[20:24:26] [Render thread/INFO] (Minecraft) Created: 256x256x0 minecraft:textures/atlas/paintings.png-atlas
[20:24:26] [Render thread/INFO] (Minecraft) Created: 128x128x0 minecraft:textures/atlas/mob_effects.png-atlas
[20:24:35] [Render thread/INFO] (Minecraft) Loaded 7 recipes
[20:24:35] [Render thread/INFO] (Minecraft) Loaded 1271 advancements
[20:24:36] [Render thread/INFO] (BiomeModificationImpl) Applied 0 biome modifications to 0 of 64 new biomes in 625.7 μs
[20:24:36] [Server thread/INFO] (Minecraft) Starting integrated minecraft server version 1.20.1
[20:24:36] [Server thread/INFO] (Minecraft) Generating keypair
[20:24:36] [Server thread/INFO] (Minecraft) Preparing start region for dimension minecraft:overworld
[20:24:37] [Render thread/INFO] (Minecraft) Preparing spawn area: 0%
[20:24:37] [Render thread/INFO] (Minecraft) Preparing spawn area: 0%
[20:24:38] [Render thread/INFO] (Minecraft) Preparing spawn area: 0%
[20:24:38] [Render thread/INFO] (Minecraft) Preparing spawn area: 40%
[20:24:38] [Render thread/INFO] (Minecraft) Time elapsed: 1531 ms
[20:24:38] [Server thread/INFO] (Minecraft) Changing view distance to 12, from 10
[20:24:38] [Server thread/INFO] (Minecraft) Changing simulation distance to 12, from 0
[20:24:38] [Server thread/INFO] (Minecraft) Player794[local:E:a124d3d3] logged in with entity id 203 at (-1.699999988079071, 76.0, -2.300000011920929)
[20:24:38] [Server thread/INFO] (Minecraft) Player794 joined the game
[20:24:39] [Render thread/INFO] (Minecraft) Loaded 11 advancements
[20:24:48] [Server thread/INFO] (Minecraft) Saving and pausing game...
[20:24:48] [Server thread/INFO] (Minecraft) Saving chunks for level 'ServerLevel[New World]'/minecraft:overworld
[20:24:48] [Server thread/INFO] (Minecraft) Saving chunks for level 'ServerLevel[New World]'/minecraft:the_end
[20:24:48] [Server thread/INFO] (Minecraft) Saving chunks for level 'ServerLevel[New World]'/minecraft:the_nether
[20:24:58] [Server thread/INFO] (Minecraft) Player794 lost connection: Disconnected
[20:24:58] [Server thread/INFO] (Minecraft) Player794 left the game
[20:24:58] [Server thread/INFO] (Minecraft) Stopping singleplayer server as player logged out
[20:24:58] [Server thread/INFO] (Minecraft) Stopping server
[20:24:58] [Server thread/INFO] (Minecraft) Saving players
[20:24:58] [Server thread/INFO] (Minecraft) Saving worlds
[20:24:59] [Server thread/INFO] (Minecraft) Saving chunks for level 'ServerLevel[New World]'/minecraft:overworld
[20:24:59] [Server thread/INFO] (Minecraft) Saving chunks for level 'ServerLevel[New World]'/minecraft:the_end
[20:24:59] [Server thread/INFO] (Minecraft) Saving chunks for level 'ServerLevel[New World]'/minecraft:the_nether
[20:24:59] [Server thread/INFO] (Minecraft) ThreadedAnvilChunkStorage (New World): All chunks are saved
[20:24:59] [Server thread/INFO] (Minecraft) ThreadedAnvilChunkStorage (DIM1): All chunks are saved
[20:24:59] [Server thread/INFO] (Minecraft) ThreadedAnvilChunkStorage (DIM-1): All chunks are saved
[20:24:59] [Server thread/INFO] (Minecraft) ThreadedAnvilChunkStorage: All dimensions are saved
[20:25:00] [Render thread/INFO] (Minecraft) Stopping!
